<?xml version="1.0" encoding="UTF-8"?>
<!-- Generated by org.testng.reporters.JUnitXMLReporter -->
<testsuite ignored="3" hostname="Mewhiz" failures="0" tests="1" name="Default test" time="10.214" errors="0" timestamp="2025-05-27T19:57:20 IST">
  <testcase classname="org.qdPM.tests.UsersPageTest" name="deleteUser" time="6.22"/>
  <testcase classname="org.qdPM.tests.UsersPageTest" name="updateUserDetails" time="0.0">
    <ignored/>
  </testcase> <!-- updateUserDetails -->
  <testcase classname="org.qdPM.tests.UsersPageTest" name="searchAndValidateUser" time="0.0">
    <ignored/>
  </testcase> <!-- searchAndValidateUser -->
  <testcase classname="org.qdPM.tests.UsersPageTest" name="verifyFromEmail" time="0.0">
    <ignored/>
  </testcase> <!-- verifyFromEmail -->
</testsuite> <!-- Default test -->
