<?xml version="1.0" encoding="UTF-8"?>
<!-- Generated by org.testng.reporters.JUnitXMLReporter -->
<testsuite ignored="1" hostname="Mewhiz" failures="0" tests="1" name="Default test" time="20.389" errors="0" timestamp="2025-05-21T19:19:39 IST">
  <testcase classname="org.qdPM.tests.LoginPageTest" name="createClientUser" time="15.816"/>
  <testcase classname="org.qdPM.tests.LoginPageTest" name="validateUserName" time="0.0">
    <ignored/>
  </testcase> <!-- validateUserName -->
</testsuite> <!-- Default test -->
