<?xml version="1.0" encoding="UTF-8"?>
<!-- Generated by org.testng.reporters.JUnitXMLReporter -->
<testsuite ignored="1" hostname="Mewhiz" failures="0" tests="5" name="Test" time="47.259" errors="0" timestamp="2025-05-27T20:01:09 IST">
  <testcase classname="org.qdPM.tests.LoginPageTest" name="validateUserName" time="1.818"/>
  <testcase classname="org.qdPM.tests.LoginPageTest" name="createUser" time="10.482"/>
  <testcase classname="org.qdPM.tests.UsersPageTest" name="searchAndValidateUser" time="5.044"/>
  <testcase classname="org.qdPM.tests.UsersPageTest" name="updateUserDetails" time="9.437"/>
  <testcase classname="org.qdPM.tests.UsersPageTest" name="deleteUser" time="4.74"/>
  <testcase classname="org.qdPM.tests.UsersPageTest" name="verifyFromEmail" time="0.0">
    <ignored/>
  </testcase> <!-- verifyFromEmail -->
</testsuite> <!-- Test -->
