<?xml version="1.0" encoding="UTF-8"?>
<!-- Generated by org.testng.reporters.JUnitXMLReporter -->
<testsuite ignored="0" hostname="Mewhiz" failures="0" tests="3" name="Test" time="13.484" errors="0" timestamp="2025-05-16T22:38:37 IST">
  <testcase classname="org.qdPM.HomePageTest" name="loginUser1" time="2.608"/>
  <testcase classname="org.qdPM.HomePageTest" name="loginUser2" time="2.639"/>
  <testcase classname="org.qdPM.LoginPageTest" name="loginAdmin" time="1.848"/>
</testsuite> <!-- Test -->
