<?xml version="1.0" encoding="UTF-8"?>
<!-- Generated by org.testng.reporters.JUnitXMLReporter -->
<testsuite ignored="0" hostname="Mewhiz" failures="0" tests="3" name="method" time="20.267" errors="0" timestamp="2025-04-02T19:16:01 IST">
  <testcase classname="org.qdPM.HomePageTest" name="loginAdmin" time="7.199"/>
  <testcase classname="org.qdPM.HomePageTest" name="loginClient" time="6.402"/>
  <testcase classname="org.qdPM.LoginPageTest" name="loginAdmin" time="6.586"/>
</testsuite> <!-- method -->
