<?xml version="1.0" encoding="UTF-8"?>
<!-- Generated by org.testng.reporters.JUnitXMLReporter -->
<testsuite ignored="0" hostname="Mewhiz" failures="0" tests="3" name="test" time="20.999" errors="0" timestamp="2025-04-02T19:16:38 IST">
  <testcase classname="org.qdPM.HomePageTest" name="loginAdmin" time="7.683"/>
  <testcase classname="org.qdPM.HomePageTest" name="loginClient" time="6.397"/>
  <testcase classname="org.qdPM.LoginPageTest" name="loginAdmin" time="6.845"/>
</testsuite> <!-- test -->
