<?xml version="1.0" encoding="UTF-8"?>
<testng-results ignored="0" total="2" passed="2" failed="0" skipped="0">
  <reporter-output>
  </reporter-output>
  <suite started-at="2025-05-21T13:35:11 IST" name="Default suite" finished-at="2025-05-21T13:35:25 IST" duration-ms="13327">
    <groups>
    </groups>
    <test started-at="2025-05-21T13:35:11 IST" name="Default test" finished-at="2025-05-21T13:35:25 IST" duration-ms="13327">
      <class name="org.qdPM.tests.LoginPageTest">
        <test-method is-config="true" signature="initDriver()[pri:0, instance:org.qdPM.tests.LoginPageTest@4988d8b8]" started-at="2025-05-21T13:35:11 IST" name="initDriver" finished-at="2025-05-21T13:35:15 IST" duration-ms="3945" status="PASS">
          <reporter-output>
          </reporter-output>
        </test-method> <!-- initDriver -->
        <test-method signature="validateUserName()[pri:1, instance:org.qdPM.tests.LoginPageTest@4988d8b8]" started-at="2025-05-21T13:35:15 IST" name="validateUserName" finished-at="2025-05-21T13:35:16 IST" duration-ms="382" status="PASS">
          <reporter-output>
          </reporter-output>
        </test-method> <!-- validateUserName -->
        <test-method is-config="true" signature="tearDown()[pri:0, instance:org.qdPM.tests.LoginPageTest@4988d8b8]" started-at="2025-05-21T13:35:16 IST" name="tearDown" finished-at="2025-05-21T13:35:16 IST" duration-ms="464" status="PASS">
          <reporter-output>
          </reporter-output>
        </test-method> <!-- tearDown -->
        <test-method is-config="true" signature="initDriver()[pri:0, instance:org.qdPM.tests.LoginPageTest@4988d8b8]" started-at="2025-05-21T13:35:16 IST" name="initDriver" finished-at="2025-05-21T13:35:19 IST" duration-ms="2888" status="PASS">
          <reporter-output>
          </reporter-output>
        </test-method> <!-- initDriver -->
        <test-method signature="createClientUser()[pri:2, instance:org.qdPM.tests.LoginPageTest@4988d8b8]" started-at="2025-05-21T13:35:19 IST" name="createClientUser" finished-at="2025-05-21T13:35:24 IST" duration-ms="5009" status="PASS">
          <reporter-output>
          </reporter-output>
        </test-method> <!-- createClientUser -->
        <test-method is-config="true" signature="tearDown()[pri:0, instance:org.qdPM.tests.LoginPageTest@4988d8b8]" started-at="2025-05-21T13:35:24 IST" name="tearDown" finished-at="2025-05-21T13:35:25 IST" duration-ms="566" status="PASS">
          <reporter-output>
          </reporter-output>
        </test-method> <!-- tearDown -->
      </class> <!-- org.qdPM.tests.LoginPageTest -->
    </test> <!-- Default test -->
  </suite> <!-- Default suite -->
</testng-results>
