<?xml version="1.0" encoding="UTF-8"?>
<!-- Generated by org.testng.reporters.JUnitXMLReporter -->
<testsuite ignored="0" hostname="Mewhiz" failures="0" tests="3" name="qdPMTest" time="9.181" errors="0" timestamp="2025-05-18T19:58:35 IST">
  <testcase classname="org.qdPM.tests.HomePageTest" name="loginUser2" time="0.533"/>
  <testcase classname="org.qdPM.tests.HomePageTest" name="loginUser1" time="0.447"/>
  <testcase classname="org.qdPM.tests.LoginPageTest" name="getUserName" time="0.346"/>
</testsuite> <!-- qdPMTest -->
