<?xml version="1.0" encoding="UTF-8"?>
<!-- Generated by org.testng.reporters.JUnitXMLReporter -->
<testsuite ignored="0" hostname="Mewhiz" failures="0" tests="3" name="Test" time="12.682" errors="0" timestamp="2025-05-17T20:02:32 IST">
  <testcase classname="org.qdPM.Tests.HomePageTest" name="loginUser2" time="2.378"/>
  <testcase classname="org.qdPM.Tests.HomePageTest" name="loginUser1" time="2.894"/>
  <testcase classname="org.qdPM.Tests.LoginPageTest" name="loginAdmin" time="1.907"/>
</testsuite> <!-- Test -->
