<?xml version="1.0" encoding="UTF-8"?>
<!-- Generated by org.testng.reporters.JUnitReportReporter -->
<testsuite hostname="Mewhiz" failures="0" tests="4" name="org.qdPM.tests.UsersPageTest" time="27.207" errors="0" timestamp="2025-06-01T20:26:34 IST" skipped="1">
  <testcase classname="org.qdPM.tests.UsersPageTest" name="searchAndValidateUser" time="8.277"/>
  <testcase classname="org.qdPM.tests.UsersPageTest" name="updateUserDetails" time="11.976"/>
  <testcase classname="org.qdPM.tests.UsersPageTest" name="deleteUser" time="6.954"/>
  <testcase classname="org.qdPM.tests.UsersPageTest" name="verifyFromEmail">
    <skipped/>
  </testcase> <!-- verifyFromEmail -->
</testsuite> <!-- org.qdPM.tests.UsersPageTest -->
