<?xml version="1.0" encoding="UTF-8"?>
<!-- Generated by org.testng.reporters.JUnitReportReporter -->
<testsuite hostname="Mewhiz" failures="0" tests="2" name="org.qdPM.tests.LoginPageTest" time="20.325" errors="0" timestamp="2025-05-21T19:19:39 IST" skipped="1">
  <testcase classname="org.qdPM.tests.LoginPageTest" name="createClientUser" time="20.325"/>
  <testcase classname="org.qdPM.tests.LoginPageTest" name="validateUserName">
    <skipped/>
  </testcase> <!-- validateUserName -->
</testsuite> <!-- org.qdPM.tests.LoginPageTest -->
