<?xml version="1.0" encoding="UTF-8"?>
<!-- Generated by org.testng.reporters.JUnitReportReporter -->
<testsuite hostname="Mewhiz" failures="0" tests="4" name="org.qdPM.tests.UsersPageTest" time="32.721" errors="0" timestamp="2025-05-29T18:00:05 IST" skipped="1">
  <testcase classname="org.qdPM.tests.UsersPageTest" name="searchAndValidateUser" time="9.555"/>
  <testcase classname="org.qdPM.tests.UsersPageTest" name="updateUserDetails" time="14.773"/>
  <testcase classname="org.qdPM.tests.UsersPageTest" name="deleteUser" time="8.393"/>
  <testcase classname="org.qdPM.tests.UsersPageTest" name="verifyFromEmail">
    <skipped/>
  </testcase> <!-- verifyFromEmail -->
</testsuite> <!-- org.qdPM.tests.UsersPageTest -->
