<?xml version="1.0" encoding="UTF-8"?>
<!-- Generated by org.testng.reporters.JUnitReportReporter -->
<testsuite hostname="Mewhiz" failures="0" tests="4" name="org.qdPM.RunnerTestNG" time="0.031" errors="0" timestamp="2025-04-15T19:02:49 IST" skipped="0">
  <testcase classname="org.qdPM.RunnerTestNG" name="Test1" time="0.015"/>
  <testcase classname="org.qdPM.RunnerTestNG" name="Test1" time="0.006"/>
  <testcase classname="org.qdPM.RunnerTestNG" name="Test2" time="0.005"/>
  <testcase classname="org.qdPM.RunnerTestNG" name="Test2" time="0.005"/>
</testsuite> <!-- org.qdPM.RunnerTestNG -->
